SF:lib/model/weather.dart
DA:14,0
DA:15,0
DA:25,0
DA:35,0
DA:45,0
DA:46,0
DA:57,0
DA:58,0
DA:68,0
DA:69,0
DA:80,0
DA:91,0
DA:92,0
LF:13
LH:0
end_of_record
SF:lib/model/weather.g.dart
DA:9,0
DA:10,0
DA:11,0
DA:12,0
DA:13,0
DA:16,0
DA:17,0
DA:18,0
DA:19,0
DA:20,0
DA:23,0
DA:24,0
DA:25,0
DA:26,0
DA:27,0
DA:30,0
DA:31,0
DA:32,0
DA:33,0
DA:36,0
DA:37,0
DA:38,0
DA:41,0
DA:42,0
DA:43,0
DA:44,0
DA:47,0
DA:48,0
DA:49,0
DA:50,0
DA:51,0
DA:52,0
DA:55,0
DA:56,0
DA:57,0
DA:58,0
DA:61,0
DA:62,0
DA:63,0
DA:64,0
DA:65,0
DA:66,0
DA:69,0
DA:70,0
DA:71,0
DA:72,0
DA:75,0
DA:76,0
DA:77,0
DA:78,0
DA:79,0
DA:80,0
DA:83,0
DA:85,0
DA:86,0
DA:87,0
DA:90,0
DA:91,0
DA:92,0
DA:93,0
DA:96,0
DA:97,0
DA:98,0
DA:99,0
DA:100,0
DA:103,0
DA:104,0
DA:105,0
DA:106,0
DA:107,0
DA:110,0
DA:111,0
DA:112,0
DA:113,0
DA:114,0
LF:75
LH:0
end_of_record
SF:lib/widget/custom_loading_indicator_widget.dart
DA:4,1
DA:6,1
LF:2
LH:2
end_of_record
SF:lib/widget/error_display_widget.dart
DA:13,2
DA:21,1
DA:23,2
DA:24,0
DA:29,1
DA:32,2
DA:33,2
DA:35,1
DA:36,1
DA:38,1
DA:39,1
DA:41,1
DA:42,2
DA:43,4
DA:48,4
DA:50,1
DA:51,1
LF:17
LH:16
end_of_record
SF:lib/widget/init_widget.dart
DA:9,1
DA:11,1
DA:13,1
DA:14,1
DA:16,1
DA:25,1
DA:27,1
DA:28,1
DA:29,1
DA:34,1
DA:36,1
DA:37,1
DA:38,1
LF:13
LH:13
end_of_record
SF:lib/widget/weather_search_result_widget.dart
DA:19,1
DA:27,3
DA:28,1
DA:33,1
DA:38,1
DA:43,1
DA:48,1
DA:70,1
DA:77,1
DA:80,2
DA:81,2
DA:83,1
DA:84,1
DA:86,1
DA:91,3
DA:99,2
DA:101,1
DA:102,1
DA:103,1
DA:104,1
DA:105,1
DA:106,1
DA:108,1
DA:112,1
DA:113,1
DA:115,1
DA:117,1
DA:119,1
DA:121,1
DA:122,1
DA:130,2
DA:131,1
DA:133,3
DA:140,1
DA:142,1
DA:144,1
DA:145,1
DA:146,3
DA:148,1
DA:149,1
DA:157,2
DA:158,2
DA:160,2
DA:163,1
DA:166,1
DA:169,1
DA:170,1
DA:171,1
DA:172,5
DA:194,1
DA:195,1
DA:197,1
DA:198,1
DA:200,0
DA:203,0
DA:214,1
DA:216,1
DA:222,13
DA:225,14
DA:229,0
LF:60
LH:57
end_of_record
